<?xml version="1.0" encoding="UTF-8"?>
<!-- Generated by org.testng.reporters.JUnitReportReporter -->
<testsuite hostname="IP-MTY-ANGELN" failures="0" tests="1" name="com.computers.selenium.EjercicioXpath" time="3.569" errors="0" timestamp="03 Aug 2022 23:16:53 GMT" skipped="0">
  <testcase classname="com.computers.selenium.EjercicioXpath" name="f" time="3.569"/>
</testsuite> <!-- com.computers.selenium.EjercicioXpath -->
