<?xml version="1.0" encoding="UTF-8"?>
<!-- Generated by org.testng.reporters.JUnitReportReporter -->
<testsuite hostname="IP-MTY-ANGELN" failures="0" tests="1" name="com.computers.selenium.EjerjcicioSelenium" time="4.065" errors="0" timestamp="03 Aug 2022 23:25:05 GMT" skipped="0">
  <testcase classname="com.computers.selenium.EjerjcicioSelenium" name="f" time="4.065"/>
</testsuite> <!-- com.computers.selenium.EjerjcicioSelenium -->
