<?xml version="1.0" encoding="UTF-8"?>
<!-- Generated by org.testng.reporters.JUnitReportReporter -->
<testsuite hostname="IP-MTY-ANGELN" failures="0" tests="1" name="com.exercises.Ejercicio7" time="2.731" errors="0" timestamp="24 Aug 2022 22:14:57 GMT" skipped="0">
  <testcase classname="com.exercises.Ejercicio7" name="tc001" time="2.731"/>
</testsuite> <!-- com.exercises.Ejercicio7 -->
