<?xml version="1.0" encoding="UTF-8"?>
<!-- Generated by org.testng.reporters.JUnitReportReporter -->
<testsuite hostname="IP-MTY-ANGELN" failures="0" tests="1" name="com.finalproject.FinalProject" time="28.260" errors="0" timestamp="25 Aug 2022 16:00:36 GMT" skipped="0">
  <testcase classname="com.finalproject.FinalProject" name="tcfinal" time="28.260"/>
</testsuite> <!-- com.finalproject.FinalProject -->
