<?xml version="1.0" encoding="UTF-8"?>
<!-- Generated by org.testng.reporters.JUnitReportReporter -->
<testsuite hostname="IP-MTY-ANGELN" failures="0" tests="1" name="com.exercises.Ejercicio6" time="5.922" errors="0" timestamp="24 Aug 2022 20:12:16 GMT" skipped="0">
  <testcase classname="com.exercises.Ejercicio6" name="f" time="5.922"/>
</testsuite> <!-- com.exercises.Ejercicio6 -->
