<?xml version="1.0" encoding="UTF-8"?>
<!-- Generated by org.testng.reporters.JUnitReportReporter -->
<testsuite hostname="IP-MTY-ANGELN" failures="0" tests="1" name="com.finalproject.FinalProject" time="36.710" errors="0" timestamp="25 Aug 2022 22:16:01 GMT" skipped="0">
  <testcase classname="com.finalproject.FinalProject" name="tcfinal" time="36.710"/>
</testsuite> <!-- com.finalproject.FinalProject -->
